2025-06-13 12:48:39,369 INFO:Starting real-time tweet streaming for banjir malaysia...
2025-06-13 12:48:39,370 INFO:Starting real-time tweet streaming for banjir kuala lumpur...
2025-06-13 12:48:39,371 INFO:Starting real-time tweet streaming for banjir selangor...
2025-06-13 12:48:39,372 INFO:Starting real-time tweet streaming for banjir johor...
2025-06-13 12:48:39,373 INFO:Starting real-time tweet streaming for banjir penang...
2025-06-13 12:48:39,374 INFO:Starting real-time tweet streaming for banjir pulau pinang...
2025-06-13 12:48:39,386 INFO:Starting real-time tweet streaming for banjir perak...
2025-06-13 12:48:39,388 INFO:Starting real-time tweet streaming for banjir kedah...
2025-06-13 12:48:39,392 INFO:Starting real-time tweet streaming for banjir pahang...
2025-06-13 12:48:39,393 INFO:Starting real-time tweet streaming for banjir terengganu...
2025-06-13 12:48:44,801 INFO:No more cursor. Exiting job for banjir kedah.
2025-06-13 12:48:44,801 INFO:Starting real-time tweet streaming for banjir kelantan...
2025-06-13 12:48:46,594 INFO:No more cursor. Exiting job for banjir malaysia.
2025-06-13 12:48:46,595 INFO:Starting real-time tweet streaming for banjir melaka...
2025-06-13 12:48:46,629 INFO:No more cursor. Exiting job for banjir terengganu.
2025-06-13 12:48:46,629 INFO:Starting real-time tweet streaming for banjir negeri sembilan...
2025-06-13 12:48:46,768 INFO:No more cursor. Exiting job for banjir perak.
2025-06-13 12:48:46,770 INFO:Starting real-time tweet streaming for banjir sabah...
2025-06-13 12:48:47,729 INFO:No more cursor. Exiting job for banjir pulau pinang.
2025-06-13 12:48:47,729 INFO:Starting real-time tweet streaming for banjir sarawak...
2025-06-13 12:48:48,050 INFO:No more cursor. Exiting job for banjir kelantan.
2025-06-13 12:48:48,050 INFO:Starting real-time tweet streaming for banjir labuan...
2025-06-13 12:48:48,161 INFO:No more cursor. Exiting job for banjir pahang.
2025-06-13 12:48:48,162 INFO:Starting real-time tweet streaming for banjir putrajaya...
2025-06-13 12:48:48,198 INFO:No more cursor. Exiting job for banjir selangor.
2025-06-13 12:48:48,198 INFO:Starting real-time tweet streaming for banjir cyberjaya...
2025-06-13 12:48:49,453 INFO:No more cursor. Exiting job for banjir kuala lumpur.
2025-06-13 12:48:49,453 INFO:Starting real-time tweet streaming for banjir langkawi...
2025-06-13 12:48:50,487 INFO:No more cursor. Exiting job for banjir labuan.
2025-06-13 12:48:50,487 INFO:Starting real-time tweet streaming for banjir ipoh...
2025-06-13 12:48:50,655 INFO:No more cursor. Exiting job for banjir negeri sembilan.
2025-06-13 12:48:50,656 INFO:Starting real-time tweet streaming for banjir alor setar...
2025-06-13 12:48:50,690 INFO:No more cursor. Exiting job for banjir penang.
2025-06-13 12:48:50,691 INFO:Starting real-time tweet streaming for banjir george town...
2025-06-13 12:48:50,841 INFO:No more cursor. Exiting job for banjir johor.
2025-06-13 12:48:50,841 INFO:Starting real-time tweet streaming for banjir kuantan...
2025-06-13 12:48:51,550 INFO:No more cursor. Exiting job for banjir melaka.
2025-06-13 12:48:51,550 INFO:Starting real-time tweet streaming for banjir kuching...
2025-06-13 12:48:51,553 INFO:No more cursor. Exiting job for banjir sabah.
2025-06-13 12:48:51,553 INFO:Starting real-time tweet streaming for banjir kota kinabalu...
2025-06-13 12:48:52,925 INFO:No more cursor. Exiting job for banjir putrajaya.
2025-06-13 12:48:52,925 INFO:Starting real-time tweet streaming for banjir bintulu...
2025-06-13 12:48:53,042 INFO:No more cursor. Exiting job for banjir ipoh.
2025-06-13 12:48:53,043 INFO:Starting real-time tweet streaming for banjir sibu...
2025-06-13 12:48:53,536 INFO:No more cursor. Exiting job for banjir kuantan.
2025-06-13 12:48:53,537 INFO:Starting real-time tweet streaming for banjir miri...
2025-06-13 12:48:54,006 INFO:No more cursor. Exiting job for banjir langkawi.
2025-06-13 12:48:54,006 INFO:Starting real-time tweet streaming for tanah runtuh malaysia...
2025-06-13 12:48:54,095 INFO:No more cursor. Exiting job for banjir cyberjaya.
2025-06-13 12:48:54,095 INFO:Starting real-time tweet streaming for tanah runtuh kuala lumpur...
2025-06-13 12:48:54,428 INFO:No more cursor. Exiting job for banjir alor setar.
2025-06-13 12:48:54,428 INFO:Starting real-time tweet streaming for tanah runtuh selangor...
2025-06-13 12:48:54,685 INFO:No more cursor. Exiting job for banjir kuching.
2025-06-13 12:48:54,686 INFO:Starting real-time tweet streaming for tanah runtuh johor...
2025-06-13 12:48:55,673 INFO:No more cursor. Exiting job for banjir kota kinabalu.
2025-06-13 12:48:55,674 INFO:Starting real-time tweet streaming for tanah runtuh penang...
2025-06-13 12:48:55,891 INFO:No more cursor. Exiting job for banjir george town.
2025-06-13 12:48:55,891 INFO:Starting real-time tweet streaming for tanah runtuh pulau pinang...
2025-06-13 12:48:57,077 INFO:No more cursor. Exiting job for banjir sarawak.
2025-06-13 12:48:57,078 INFO:Starting real-time tweet streaming for tanah runtuh perak...
2025-06-13 12:48:58,030 INFO:No more cursor. Exiting job for banjir sibu.
2025-06-13 12:48:58,030 INFO:Starting real-time tweet streaming for tanah runtuh kedah...
2025-06-13 12:48:58,496 INFO:No more cursor. Exiting job for tanah runtuh johor.
2025-06-13 12:48:58,496 INFO:Starting real-time tweet streaming for tanah runtuh pahang...
2025-06-13 12:48:59,195 INFO:No more cursor. Exiting job for tanah runtuh selangor.
2025-06-13 12:48:59,196 INFO:Starting real-time tweet streaming for tanah runtuh terengganu...
2025-06-13 12:48:59,201 INFO:No more cursor. Exiting job for banjir miri.
2025-06-13 12:48:59,201 INFO:Starting real-time tweet streaming for tanah runtuh kelantan...
2025-06-13 12:48:59,536 INFO:No more cursor. Exiting job for tanah runtuh kuala lumpur.
2025-06-13 12:48:59,536 INFO:Starting real-time tweet streaming for tanah runtuh melaka...
2025-06-13 12:48:59,537 INFO:No more cursor. Exiting job for banjir bintulu.
2025-06-13 12:48:59,537 INFO:Starting real-time tweet streaming for tanah runtuh negeri sembilan...
2025-06-13 12:48:59,538 INFO:No more cursor. Exiting job for tanah runtuh pulau pinang.
2025-06-13 12:48:59,539 INFO:Starting real-time tweet streaming for tanah runtuh sabah...
2025-06-13 12:49:00,225 INFO:No more cursor. Exiting job for tanah runtuh malaysia.
2025-06-13 12:49:00,226 INFO:Starting real-time tweet streaming for tanah runtuh sarawak...
2025-06-13 12:49:01,266 INFO:No more cursor. Exiting job for tanah runtuh perak.
2025-06-13 12:49:01,267 INFO:Starting real-time tweet streaming for tanah runtuh labuan...
2025-06-13 12:49:02,427 INFO:No more cursor. Exiting job for tanah runtuh kedah.
2025-06-13 12:49:02,427 INFO:Starting real-time tweet streaming for tanah runtuh putrajaya...
2025-06-13 12:49:03,132 INFO:No more cursor. Exiting job for tanah runtuh penang.
2025-06-13 12:49:03,133 INFO:Starting real-time tweet streaming for tanah runtuh cyberjaya...
2025-06-13 12:49:03,303 INFO:No more cursor. Exiting job for tanah runtuh kelantan.
2025-06-13 12:49:03,304 INFO:Starting real-time tweet streaming for tanah runtuh langkawi...
2025-06-13 12:49:03,414 INFO:No more cursor. Exiting job for tanah runtuh sabah.
2025-06-13 12:49:03,414 INFO:Starting real-time tweet streaming for tanah runtuh ipoh...
2025-06-13 12:49:04,922 INFO:No more cursor. Exiting job for tanah runtuh terengganu.
2025-06-13 12:49:04,923 INFO:Starting real-time tweet streaming for tanah runtuh alor setar...
2025-06-13 12:49:04,987 INFO:No more cursor. Exiting job for tanah runtuh melaka.
2025-06-13 12:49:04,988 INFO:Starting real-time tweet streaming for tanah runtuh george town...
2025-06-13 12:49:05,939 INFO:No more cursor. Exiting job for tanah runtuh cyberjaya.
2025-06-13 12:49:05,939 INFO:Starting real-time tweet streaming for tanah runtuh kuantan...
2025-06-13 12:49:06,665 INFO:No more cursor. Exiting job for tanah runtuh negeri sembilan.
2025-06-13 12:49:06,666 INFO:Starting real-time tweet streaming for tanah runtuh kuching...
2025-06-13 12:49:06,761 INFO:No more cursor. Exiting job for tanah runtuh ipoh.
2025-06-13 12:49:06,761 INFO:Starting real-time tweet streaming for tanah runtuh kota kinabalu...
2025-06-13 12:49:06,784 INFO:No more cursor. Exiting job for tanah runtuh pahang.
2025-06-13 12:49:06,785 INFO:Starting real-time tweet streaming for tanah runtuh bintulu...
2025-06-13 12:49:07,953 INFO:No more cursor. Exiting job for tanah runtuh putrajaya.
2025-06-13 12:49:07,954 INFO:Starting real-time tweet streaming for tanah runtuh sibu...
2025-06-13 12:49:08,407 INFO:No more cursor. Exiting job for tanah runtuh langkawi.
2025-06-13 12:49:08,408 INFO:Starting real-time tweet streaming for tanah runtuh miri...
2025-06-13 12:49:10,603 INFO:No more cursor. Exiting job for tanah runtuh sarawak.
2025-06-13 12:49:10,603 INFO:Starting real-time tweet streaming for ribut malaysia...
2025-06-13 12:49:10,669 INFO:No more cursor. Exiting job for tanah runtuh kuching.
2025-06-13 12:49:10,670 INFO:Starting real-time tweet streaming for ribut kuala lumpur...
2025-06-13 12:49:10,695 INFO:No more cursor. Exiting job for tanah runtuh labuan.
2025-06-13 12:49:10,695 INFO:Starting real-time tweet streaming for ribut selangor...
2025-06-13 12:49:10,897 INFO:No more cursor. Exiting job for tanah runtuh kota kinabalu.
2025-06-13 12:49:10,897 INFO:Starting real-time tweet streaming for ribut johor...
2025-06-13 12:49:11,843 INFO:No more cursor. Exiting job for tanah runtuh alor setar.
2025-06-13 12:49:11,843 INFO:Starting real-time tweet streaming for ribut penang...
2025-06-13 12:49:12,284 INFO:No more cursor. Exiting job for tanah runtuh sibu.
2025-06-13 12:49:12,284 INFO:Starting real-time tweet streaming for ribut pulau pinang...
2025-06-13 12:49:13,362 INFO:No more cursor. Exiting job for tanah runtuh kuantan.
2025-06-13 12:49:13,363 INFO:Starting real-time tweet streaming for ribut perak...
2025-06-13 12:49:13,499 INFO:No more cursor. Exiting job for tanah runtuh miri.
2025-06-13 12:49:13,499 INFO:Starting real-time tweet streaming for ribut kedah...
2025-06-13 12:49:13,995 INFO:No more cursor. Exiting job for ribut malaysia.
2025-06-13 12:49:13,996 INFO:Starting real-time tweet streaming for ribut pahang...
2025-06-13 12:49:14,265 INFO:No more cursor. Exiting job for ribut selangor.
2025-06-13 12:49:14,265 INFO:Starting real-time tweet streaming for ribut terengganu...
2025-06-13 12:49:15,085 INFO:No more cursor. Exiting job for ribut kuala lumpur.
2025-06-13 12:49:15,085 INFO:Starting real-time tweet streaming for ribut kelantan...
2025-06-13 12:49:15,277 INFO:No more cursor. Exiting job for tanah runtuh bintulu.
2025-06-13 12:49:15,278 INFO:Starting real-time tweet streaming for ribut melaka...
2025-06-13 12:49:15,302 INFO:No more cursor. Exiting job for ribut johor.
2025-06-13 12:49:15,302 INFO:Starting real-time tweet streaming for ribut negeri sembilan...
2025-06-13 12:49:15,302 INFO:No more cursor. Exiting job for ribut penang.
2025-06-13 12:49:15,304 INFO:Starting real-time tweet streaming for ribut sabah...
2025-06-13 12:49:15,648 INFO:No more cursor. Exiting job for ribut perak.
2025-06-13 12:49:15,649 INFO:Starting real-time tweet streaming for ribut sarawak...
2025-06-13 12:49:15,797 INFO:No more cursor. Exiting job for ribut kedah.
2025-06-13 12:49:15,798 INFO:Starting real-time tweet streaming for ribut labuan...
2025-06-13 12:49:16,288 INFO:No more cursor. Exiting job for ribut pulau pinang.
2025-06-13 12:49:16,289 INFO:Starting real-time tweet streaming for ribut putrajaya...
2025-06-13 12:49:16,417 INFO:No more cursor. Exiting job for ribut pahang.
2025-06-13 12:49:16,417 INFO:Starting real-time tweet streaming for ribut cyberjaya...
2025-06-13 12:49:16,586 INFO:No more cursor. Exiting job for ribut terengganu.
2025-06-13 12:49:16,586 INFO:Starting real-time tweet streaming for ribut langkawi...
2025-06-13 12:49:16,797 INFO:No more cursor. Exiting job for tanah runtuh george town.
2025-06-13 12:49:16,797 INFO:Starting real-time tweet streaming for ribut ipoh...
2025-06-13 12:49:17,317 INFO:No more cursor. Exiting job for ribut kelantan.
2025-06-13 12:49:17,317 INFO:Starting real-time tweet streaming for ribut alor setar...
2025-06-13 12:49:17,640 INFO:No more cursor. Exiting job for ribut sabah.
2025-06-13 12:49:17,641 INFO:Starting real-time tweet streaming for ribut george town...
2025-06-13 12:49:17,821 INFO:No more cursor. Exiting job for ribut negeri sembilan.
2025-06-13 12:49:17,821 INFO:Starting real-time tweet streaming for ribut kuantan...
2025-06-13 12:49:17,869 INFO:No more cursor. Exiting job for ribut sarawak.
2025-06-13 12:49:17,870 INFO:Starting real-time tweet streaming for ribut kuching...
2025-06-13 12:49:18,107 INFO:No more cursor. Exiting job for ribut labuan.
2025-06-13 12:49:18,108 INFO:Starting real-time tweet streaming for ribut kota kinabalu...
2025-06-13 12:49:18,517 INFO:No more cursor. Exiting job for ribut putrajaya.
2025-06-13 12:49:18,518 INFO:Starting real-time tweet streaming for ribut bintulu...
2025-06-13 12:49:19,442 INFO:No more cursor. Exiting job for ribut melaka.
2025-06-13 12:49:19,442 INFO:Starting real-time tweet streaming for ribut sibu...
2025-06-13 12:49:19,807 INFO:No more cursor. Exiting job for ribut ipoh.
2025-06-13 12:49:19,807 INFO:Starting real-time tweet streaming for ribut miri...
2025-06-13 12:49:20,055 INFO:No more cursor. Exiting job for ribut langkawi.
2025-06-13 12:49:20,055 INFO:Starting real-time tweet streaming for jerebu malaysia...
2025-06-13 12:49:20,667 INFO:No more cursor. Exiting job for ribut kuantan.
2025-06-13 12:49:20,667 INFO:Starting real-time tweet streaming for jerebu kuala lumpur...
2025-06-13 12:49:21,348 INFO:No more cursor. Exiting job for ribut george town.
2025-06-13 12:49:21,348 INFO:Starting real-time tweet streaming for jerebu selangor...
2025-06-13 12:49:21,654 INFO:No more cursor. Exiting job for ribut kota kinabalu.
2025-06-13 12:49:21,654 INFO:Starting real-time tweet streaming for jerebu johor...
2025-06-13 12:49:22,270 INFO:No more cursor. Exiting job for ribut kuching.
2025-06-13 12:49:22,270 INFO:Starting real-time tweet streaming for jerebu penang...
2025-06-13 12:49:22,431 INFO:No more cursor. Exiting job for ribut alor setar.
2025-06-13 12:49:22,431 INFO:Starting real-time tweet streaming for jerebu pulau pinang...
2025-06-13 12:49:23,308 INFO:No more cursor. Exiting job for ribut sibu.
2025-06-13 12:49:23,308 INFO:Starting real-time tweet streaming for jerebu perak...
2025-06-13 12:49:23,311 INFO:No more cursor. Exiting job for jerebu malaysia.
2025-06-13 12:49:23,311 INFO:Starting real-time tweet streaming for jerebu kedah...
2025-06-13 12:49:24,178 INFO:No more cursor. Exiting job for ribut bintulu.
2025-06-13 12:49:24,178 INFO:Starting real-time tweet streaming for jerebu pahang...
2025-06-13 12:49:26,248 INFO:No more cursor. Exiting job for ribut miri.
2025-06-13 12:49:26,248 INFO:Starting real-time tweet streaming for jerebu terengganu...
2025-06-13 12:49:26,934 INFO:No more cursor. Exiting job for ribut cyberjaya.
2025-06-13 12:49:26,934 INFO:Starting real-time tweet streaming for jerebu kelantan...
2025-06-13 12:49:26,973 INFO:No more cursor. Exiting job for jerebu selangor.
2025-06-13 12:49:26,973 INFO:Starting real-time tweet streaming for jerebu melaka...
2025-06-13 12:49:27,543 INFO:No more cursor. Exiting job for jerebu kuala lumpur.
2025-06-13 12:49:27,543 INFO:Starting real-time tweet streaming for jerebu negeri sembilan...
2025-06-13 12:49:28,370 INFO:No more cursor. Exiting job for jerebu penang.
2025-06-13 12:49:28,370 INFO:Starting real-time tweet streaming for jerebu sabah...
2025-06-13 12:49:28,901 INFO:No more cursor. Exiting job for jerebu kedah.
2025-06-13 12:49:28,901 INFO:Starting real-time tweet streaming for jerebu sarawak...
2025-06-13 12:49:29,389 INFO:No more cursor. Exiting job for jerebu pahang.
2025-06-13 12:49:29,389 INFO:Starting real-time tweet streaming for jerebu labuan...
2025-06-13 12:49:29,770 INFO:No more cursor. Exiting job for jerebu johor.
2025-06-13 12:49:29,770 INFO:Starting real-time tweet streaming for jerebu putrajaya...
2025-06-13 12:49:30,131 INFO:No more cursor. Exiting job for jerebu melaka.
2025-06-13 12:49:30,131 INFO:Starting real-time tweet streaming for jerebu cyberjaya...
2025-06-13 12:49:30,196 INFO:No more cursor. Exiting job for jerebu pulau pinang.
2025-06-13 12:49:30,196 INFO:Starting real-time tweet streaming for jerebu langkawi...
2025-06-13 12:49:30,505 INFO:No more cursor. Exiting job for jerebu kelantan.
2025-06-13 12:49:30,505 INFO:Starting real-time tweet streaming for jerebu ipoh...
2025-06-13 12:49:31,001 INFO:No more cursor. Exiting job for jerebu terengganu.
2025-06-13 12:49:31,002 INFO:Starting real-time tweet streaming for jerebu alor setar...
2025-06-13 12:49:31,020 INFO:No more cursor. Exiting job for jerebu negeri sembilan.
2025-06-13 12:49:31,020 INFO:Starting real-time tweet streaming for jerebu george town...
2025-06-13 12:49:32,192 INFO:No more cursor. Exiting job for jerebu perak.
2025-06-13 12:49:32,192 INFO:Starting real-time tweet streaming for jerebu kuantan...
2025-06-13 12:49:32,836 INFO:No more cursor. Exiting job for jerebu sabah.
2025-06-13 12:49:32,836 INFO:Starting real-time tweet streaming for jerebu kuching...
2025-06-13 12:49:34,436 INFO:No more cursor. Exiting job for jerebu putrajaya.
2025-06-13 12:49:34,437 INFO:Starting real-time tweet streaming for jerebu kota kinabalu...
2025-06-13 12:49:34,445 INFO:No more cursor. Exiting job for jerebu labuan.
2025-06-13 12:49:34,445 INFO:Starting real-time tweet streaming for jerebu bintulu...
2025-06-13 12:49:34,547 INFO:No more cursor. Exiting job for jerebu sarawak.
2025-06-13 12:49:34,548 INFO:Starting real-time tweet streaming for jerebu sibu...
2025-06-13 12:49:35,816 INFO:No more cursor. Exiting job for jerebu cyberjaya.
2025-06-13 12:49:35,818 INFO:Starting real-time tweet streaming for jerebu miri...
2025-06-13 12:49:35,884 INFO:No more cursor. Exiting job for jerebu kuching.
2025-06-13 12:49:35,884 INFO:Starting real-time tweet streaming for kebakaran hutan malaysia...
2025-06-13 12:49:36,482 INFO:No more cursor. Exiting job for jerebu langkawi.
2025-06-13 12:49:36,482 INFO:Starting real-time tweet streaming for kebakaran hutan kuala lumpur...
2025-06-13 12:49:37,109 INFO:No more cursor. Exiting job for jerebu george town.
2025-06-13 12:49:37,109 INFO:Starting real-time tweet streaming for kebakaran hutan selangor...
2025-06-13 12:49:38,184 INFO:No more cursor. Exiting job for jerebu alor setar.
2025-06-13 12:49:38,185 INFO:Starting real-time tweet streaming for kebakaran hutan johor...
2025-06-13 12:49:38,758 INFO:No more cursor. Exiting job for jerebu kuantan.
2025-06-13 12:49:38,758 INFO:Starting real-time tweet streaming for kebakaran hutan penang...
2025-06-13 12:49:39,194 INFO:No more cursor. Exiting job for kebakaran hutan kuala lumpur.
2025-06-13 12:49:39,194 INFO:Starting real-time tweet streaming for kebakaran hutan pulau pinang...
2025-06-13 12:49:39,471 INFO:No more cursor. Exiting job for kebakaran hutan selangor.
2025-06-13 12:49:39,472 INFO:Starting real-time tweet streaming for kebakaran hutan perak...
2025-06-13 12:49:40,005 INFO:No more cursor. Exiting job for jerebu kota kinabalu.
2025-06-13 12:49:40,005 INFO:Starting real-time tweet streaming for kebakaran hutan kedah...
2025-06-13 12:49:40,176 INFO:No more cursor. Exiting job for kebakaran hutan malaysia.
2025-06-13 12:49:40,176 INFO:Starting real-time tweet streaming for kebakaran hutan pahang...
2025-06-13 12:49:40,421 INFO:No more cursor. Exiting job for jerebu miri.
2025-06-13 12:49:40,421 INFO:Starting real-time tweet streaming for kebakaran hutan terengganu...
2025-06-13 12:49:40,734 INFO:No more cursor. Exiting job for jerebu ipoh.
2025-06-13 12:49:40,734 INFO:Starting real-time tweet streaming for kebakaran hutan kelantan...
2025-06-13 12:49:40,892 INFO:No more cursor. Exiting job for jerebu bintulu.
2025-06-13 12:49:40,892 INFO:Starting real-time tweet streaming for kebakaran hutan melaka...
2025-06-13 12:49:42,054 INFO:No more cursor. Exiting job for kebakaran hutan perak.
2025-06-13 12:49:42,055 INFO:Starting real-time tweet streaming for kebakaran hutan negeri sembilan...
2025-06-13 12:49:42,083 INFO:No more cursor. Exiting job for kebakaran hutan penang.
2025-06-13 12:49:42,083 INFO:Starting real-time tweet streaming for kebakaran hutan sabah...
2025-06-13 12:49:42,669 INFO:No more cursor. Exiting job for kebakaran hutan pahang.
2025-06-13 12:49:42,669 INFO:Starting real-time tweet streaming for kebakaran hutan sarawak...
2025-06-13 12:49:42,780 INFO:No more cursor. Exiting job for kebakaran hutan pulau pinang.
2025-06-13 12:49:42,780 INFO:Starting real-time tweet streaming for kebakaran hutan labuan...
2025-06-13 12:49:45,073 INFO:No more cursor. Exiting job for jerebu sibu.
2025-06-13 12:49:45,073 INFO:Starting real-time tweet streaming for kebakaran hutan putrajaya...
2025-06-13 12:49:45,073 INFO:No more cursor. Exiting job for kebakaran hutan negeri sembilan.
2025-06-13 12:49:45,073 INFO:Starting real-time tweet streaming for kebakaran hutan cyberjaya...
2025-06-13 12:49:45,290 INFO:No more cursor. Exiting job for kebakaran hutan labuan.
2025-06-13 12:49:45,291 INFO:Starting real-time tweet streaming for kebakaran hutan langkawi...
2025-06-13 12:49:45,877 INFO:No more cursor. Exiting job for kebakaran hutan sarawak.
2025-06-13 12:49:45,877 INFO:Starting real-time tweet streaming for kebakaran hutan ipoh...
2025-06-13 12:49:46,012 INFO:No more cursor. Exiting job for kebakaran hutan sabah.
2025-06-13 12:49:46,012 INFO:Starting real-time tweet streaming for kebakaran hutan alor setar...
2025-06-13 12:49:46,033 INFO:No more cursor. Exiting job for kebakaran hutan kelantan.
2025-06-13 12:49:46,033 INFO:Starting real-time tweet streaming for kebakaran hutan george town...
2025-06-13 12:49:46,345 INFO:No more cursor. Exiting job for kebakaran hutan melaka.
2025-06-13 12:49:46,345 INFO:Starting real-time tweet streaming for kebakaran hutan kuantan...
2025-06-13 12:49:46,985 INFO:No more cursor. Exiting job for kebakaran hutan johor.
2025-06-13 12:49:46,985 INFO:Starting real-time tweet streaming for kebakaran hutan kuching...
2025-06-13 12:49:47,398 INFO:No more cursor. Exiting job for kebakaran hutan alor setar.
2025-06-13 12:49:47,399 INFO:Starting real-time tweet streaming for kebakaran hutan kota kinabalu...
2025-06-13 12:49:47,511 INFO:No more cursor. Exiting job for kebakaran hutan george town.
2025-06-13 12:49:47,511 INFO:Starting real-time tweet streaming for kebakaran hutan bintulu...
2025-06-13 12:49:47,924 INFO:No more cursor. Exiting job for kebakaran hutan langkawi.
2025-06-13 12:49:47,924 INFO:Starting real-time tweet streaming for kebakaran hutan sibu...
2025-06-13 12:49:48,392 INFO:No more cursor. Exiting job for kebakaran hutan putrajaya.
2025-06-13 12:49:48,393 INFO:Starting real-time tweet streaming for kebakaran hutan miri...
2025-06-13 12:49:48,726 INFO:No more cursor. Exiting job for kebakaran hutan cyberjaya.
2025-06-13 12:49:48,726 INFO:Starting real-time tweet streaming for mendapan tanah malaysia...
2025-06-13 12:49:48,897 INFO:No more cursor. Exiting job for kebakaran hutan kota kinabalu.
2025-06-13 12:49:48,897 INFO:Starting real-time tweet streaming for mendapan tanah kuala lumpur...
2025-06-13 12:49:49,143 INFO:No more cursor. Exiting job for kebakaran hutan bintulu.
2025-06-13 12:49:49,143 INFO:Starting real-time tweet streaming for mendapan tanah selangor...
2025-06-13 12:49:49,744 INFO:No more cursor. Exiting job for kebakaran hutan kuantan.
2025-06-13 12:49:49,745 INFO:Starting real-time tweet streaming for mendapan tanah johor...
2025-06-13 12:49:49,879 INFO:No more cursor. Exiting job for kebakaran hutan terengganu.
2025-06-13 12:49:49,879 INFO:Starting real-time tweet streaming for mendapan tanah penang...
2025-06-13 12:49:51,131 INFO:No more cursor. Exiting job for mendapan tanah malaysia.
2025-06-13 12:49:51,131 INFO:Starting real-time tweet streaming for mendapan tanah pulau pinang...
2025-06-13 12:49:51,447 INFO:No more cursor. Exiting job for kebakaran hutan miri.
2025-06-13 12:49:51,447 INFO:Starting real-time tweet streaming for mendapan tanah perak...
2025-06-13 12:49:51,493 INFO:No more cursor. Exiting job for mendapan tanah kuala lumpur.
2025-06-13 12:49:51,494 INFO:Starting real-time tweet streaming for mendapan tanah kedah...
2025-06-13 12:49:51,700 INFO:No more cursor. Exiting job for kebakaran hutan sibu.
2025-06-13 12:49:51,700 INFO:Starting real-time tweet streaming for mendapan tanah pahang...
2025-06-13 12:49:51,867 INFO:No more cursor. Exiting job for kebakaran hutan ipoh.
2025-06-13 12:49:51,867 INFO:Starting real-time tweet streaming for mendapan tanah terengganu...
2025-06-13 12:49:52,455 INFO:No more cursor. Exiting job for mendapan tanah penang.
2025-06-13 12:49:52,455 INFO:Starting real-time tweet streaming for mendapan tanah kelantan...
2025-06-13 12:49:52,874 INFO:No more cursor. Exiting job for mendapan tanah pulau pinang.
2025-06-13 12:49:52,875 INFO:Starting real-time tweet streaming for mendapan tanah melaka...
2025-06-13 12:49:52,981 INFO:No more cursor. Exiting job for kebakaran hutan kedah.
2025-06-13 12:49:52,981 INFO:Starting real-time tweet streaming for mendapan tanah negeri sembilan...
2025-06-13 12:49:53,176 INFO:No more cursor. Exiting job for kebakaran hutan kuching.
2025-06-13 12:49:53,176 INFO:Starting real-time tweet streaming for mendapan tanah sabah...
2025-06-13 12:49:53,653 INFO:No more cursor. Exiting job for mendapan tanah johor.
2025-06-13 12:49:53,654 INFO:Starting real-time tweet streaming for mendapan tanah sarawak...
2025-06-13 12:49:53,927 INFO:No more cursor. Exiting job for mendapan tanah terengganu.
2025-06-13 12:49:53,927 INFO:Starting real-time tweet streaming for mendapan tanah labuan...
2025-06-13 12:49:54,301 INFO:No more cursor. Exiting job for mendapan tanah kedah.
2025-06-13 12:49:54,301 INFO:Starting real-time tweet streaming for mendapan tanah putrajaya...
2025-06-13 12:49:54,362 INFO:No more cursor. Exiting job for mendapan tanah pahang.
2025-06-13 12:49:54,362 INFO:Starting real-time tweet streaming for mendapan tanah cyberjaya...
2025-06-13 12:49:54,566 INFO:No more cursor. Exiting job for mendapan tanah selangor.
2025-06-13 12:49:54,566 INFO:Starting real-time tweet streaming for mendapan tanah langkawi...
2025-06-13 12:49:54,739 INFO:No more cursor. Exiting job for mendapan tanah sabah.
2025-06-13 12:49:54,739 INFO:Starting real-time tweet streaming for mendapan tanah ipoh...
2025-06-13 12:49:55,424 INFO:No more cursor. Exiting job for mendapan tanah langkawi.
2025-06-13 12:49:55,426 INFO:Starting real-time tweet streaming for mendapan tanah alor setar...
2025-06-13 12:49:55,733 INFO:No more cursor. Exiting job for mendapan tanah negeri sembilan.
2025-06-13 12:49:55,734 INFO:Starting real-time tweet streaming for mendapan tanah george town...
2025-06-13 12:49:55,743 INFO:No more cursor. Exiting job for mendapan tanah putrajaya.
2025-06-13 12:49:55,744 INFO:Starting real-time tweet streaming for mendapan tanah kuantan...
2025-06-13 12:49:56,117 INFO:No more cursor. Exiting job for mendapan tanah labuan.
2025-06-13 12:49:56,117 INFO:Starting real-time tweet streaming for mendapan tanah kuching...
2025-06-13 12:49:56,303 INFO:No more cursor. Exiting job for mendapan tanah alor setar.
2025-06-13 12:49:56,304 INFO:Starting real-time tweet streaming for mendapan tanah kota kinabalu...
2025-06-13 12:49:56,537 INFO:No more cursor. Exiting job for mendapan tanah george town.
2025-06-13 12:49:56,537 INFO:Starting real-time tweet streaming for mendapan tanah bintulu...
2025-06-13 12:49:56,717 INFO:No more cursor. Exiting job for mendapan tanah ipoh.
2025-06-13 12:49:56,718 INFO:Starting real-time tweet streaming for mendapan tanah sibu...
2025-06-13 12:49:56,722 INFO:No more cursor. Exiting job for mendapan tanah sarawak.
2025-06-13 12:49:56,722 INFO:Starting real-time tweet streaming for mendapan tanah miri...
2025-06-13 12:49:56,738 INFO:No more cursor. Exiting job for mendapan tanah melaka.
2025-06-13 12:49:56,738 INFO:Starting real-time tweet streaming for gempa bumi malaysia...
2025-06-13 12:49:57,140 INFO:No more cursor. Exiting job for mendapan tanah kota kinabalu.
2025-06-13 12:49:57,140 INFO:Starting real-time tweet streaming for gempa bumi kuala lumpur...
2025-06-13 12:49:57,553 INFO:No more cursor. Exiting job for mendapan tanah sibu.
2025-06-13 12:49:57,554 INFO:Starting real-time tweet streaming for gempa bumi selangor...
2025-06-13 12:49:57,596 INFO:No more cursor. Exiting job for mendapan tanah bintulu.
2025-06-13 12:49:57,596 INFO:Starting real-time tweet streaming for gempa bumi johor...
2025-06-13 12:49:57,620 INFO:No more cursor. Exiting job for mendapan tanah kuching.
2025-06-13 12:49:57,621 INFO:Starting real-time tweet streaming for gempa bumi penang...
2025-06-13 12:49:57,912 INFO:No more cursor. Exiting job for mendapan tanah miri.
2025-06-13 12:49:57,912 INFO:Starting real-time tweet streaming for gempa bumi pulau pinang...
2025-06-13 12:49:58,252 INFO:No more cursor. Exiting job for mendapan tanah kelantan.
2025-06-13 12:49:58,252 INFO:Starting real-time tweet streaming for gempa bumi perak...
2025-06-13 12:49:58,527 INFO:No more cursor. Exiting job for mendapan tanah kuantan.
2025-06-13 12:49:58,527 INFO:Starting real-time tweet streaming for gempa bumi kedah...
2025-06-13 12:49:58,616 INFO:No more cursor. Exiting job for mendapan tanah perak.
2025-06-13 12:49:58,616 INFO:Starting real-time tweet streaming for gempa bumi pahang...
2025-06-13 12:49:59,799 INFO:No more cursor. Exiting job for gempa bumi selangor.
2025-06-13 12:49:59,799 INFO:Starting real-time tweet streaming for gempa bumi terengganu...
2025-06-13 12:50:00,102 INFO:No more cursor. Exiting job for mendapan tanah cyberjaya.
2025-06-13 12:50:00,102 INFO:Starting real-time tweet streaming for gempa bumi kelantan...
2025-06-13 12:50:00,881 INFO:No more cursor. Exiting job for gempa bumi johor.
2025-06-13 12:50:00,882 INFO:Starting real-time tweet streaming for gempa bumi melaka...
2025-06-13 12:50:00,986 INFO:No more cursor. Exiting job for gempa bumi penang.
2025-06-13 12:50:00,986 INFO:Starting real-time tweet streaming for gempa bumi negeri sembilan...
2025-06-13 12:50:01,065 INFO:No more cursor. Exiting job for gempa bumi malaysia.
2025-06-13 12:50:01,065 INFO:Starting real-time tweet streaming for gempa bumi sabah...
2025-06-13 12:50:01,098 INFO:No more cursor. Exiting job for gempa bumi pahang.
2025-06-13 12:50:01,100 INFO:Starting real-time tweet streaming for gempa bumi sarawak...
2025-06-13 12:50:01,428 INFO:No more cursor. Exiting job for gempa bumi kedah.
2025-06-13 12:50:01,428 INFO:Starting real-time tweet streaming for gempa bumi labuan...
2025-06-13 12:50:01,738 INFO:No more cursor. Exiting job for gempa bumi kuala lumpur.
2025-06-13 12:50:01,739 INFO:Starting real-time tweet streaming for gempa bumi putrajaya...
2025-06-13 12:50:02,604 INFO:No more cursor. Exiting job for gempa bumi pulau pinang.
2025-06-13 12:50:02,604 INFO:Starting real-time tweet streaming for gempa bumi cyberjaya...
2025-06-13 12:50:03,275 INFO:No more cursor. Exiting job for gempa bumi perak.
2025-06-13 12:50:03,275 INFO:Starting real-time tweet streaming for gempa bumi langkawi...
2025-06-13 12:50:03,665 INFO:No more cursor. Exiting job for gempa bumi kelantan.
2025-06-13 12:50:03,665 INFO:Starting real-time tweet streaming for gempa bumi ipoh...
2025-06-13 12:50:03,708 INFO:No more cursor. Exiting job for gempa bumi negeri sembilan.
2025-06-13 12:50:03,709 INFO:Starting real-time tweet streaming for gempa bumi alor setar...
2025-06-13 12:50:04,253 INFO:No more cursor. Exiting job for gempa bumi putrajaya.
2025-06-13 12:50:04,253 INFO:Starting real-time tweet streaming for gempa bumi george town...
2025-06-13 12:50:05,125 INFO:No more cursor. Exiting job for gempa bumi sabah.
2025-06-13 12:50:05,125 INFO:Starting real-time tweet streaming for gempa bumi kuantan...
2025-06-13 12:50:05,128 INFO:No more cursor. Exiting job for gempa bumi labuan.
2025-06-13 12:50:05,128 INFO:Starting real-time tweet streaming for gempa bumi kuching...
2025-06-13 12:50:05,972 INFO:No more cursor. Exiting job for gempa bumi alor setar.
2025-06-13 12:50:05,972 INFO:Starting real-time tweet streaming for gempa bumi kota kinabalu...
2025-06-13 12:50:06,471 INFO:No more cursor. Exiting job for gempa bumi melaka.
2025-06-13 12:50:06,471 INFO:Starting real-time tweet streaming for gempa bumi bintulu...
2025-06-13 12:50:06,593 INFO:No more cursor. Exiting job for gempa bumi cyberjaya.
2025-06-13 12:50:06,593 INFO:Starting real-time tweet streaming for gempa bumi sibu...
2025-06-13 12:50:07,386 INFO:No more cursor. Exiting job for gempa bumi kuantan.
2025-06-13 12:50:07,387 INFO:Starting real-time tweet streaming for gempa bumi miri...
2025-06-13 12:50:07,756 INFO:No more cursor. Exiting job for gempa bumi bintulu.
2025-06-13 12:50:07,756 INFO:Starting real-time tweet streaming for tsunami malaysia...
2025-06-13 12:50:08,122 INFO:No more cursor. Exiting job for gempa bumi ipoh.
2025-06-13 12:50:08,122 INFO:Starting real-time tweet streaming for tsunami kuala lumpur...
2025-06-13 12:50:08,619 INFO:No more cursor. Exiting job for gempa bumi sibu.
2025-06-13 12:50:08,620 INFO:Starting real-time tweet streaming for tsunami selangor...
2025-06-13 12:50:09,160 INFO:No more cursor. Exiting job for gempa bumi george town.
2025-06-13 12:50:09,160 INFO:Starting real-time tweet streaming for tsunami johor...
2025-06-13 12:50:09,325 INFO:No more cursor. Exiting job for gempa bumi sarawak.
2025-06-13 12:50:09,325 INFO:Starting real-time tweet streaming for tsunami penang...
2025-06-13 12:50:09,484 INFO:No more cursor. Exiting job for gempa bumi kota kinabalu.
2025-06-13 12:50:09,485 INFO:Starting real-time tweet streaming for tsunami pulau pinang...
2025-06-13 12:50:09,908 INFO:No more cursor. Exiting job for tsunami malaysia.
2025-06-13 12:50:09,909 INFO:Starting real-time tweet streaming for tsunami perak...
2025-06-13 12:50:10,026 INFO:No more cursor. Exiting job for gempa bumi kuching.
2025-06-13 12:50:10,026 INFO:Starting real-time tweet streaming for tsunami kedah...
2025-06-13 12:50:10,599 INFO:No more cursor. Exiting job for tsunami kuala lumpur.
2025-06-13 12:50:10,600 INFO:Starting real-time tweet streaming for tsunami pahang...
2025-06-13 12:50:10,764 INFO:No more cursor. Exiting job for gempa bumi langkawi.
2025-06-13 12:50:10,764 INFO:Starting real-time tweet streaming for tsunami terengganu...
2025-06-13 12:50:10,766 INFO:No more cursor. Exiting job for gempa bumi terengganu.
2025-06-13 12:50:10,767 INFO:Starting real-time tweet streaming for tsunami kelantan...
2025-06-13 12:50:11,277 INFO:No more cursor. Exiting job for tsunami selangor.
2025-06-13 12:50:11,278 INFO:Starting real-time tweet streaming for tsunami melaka...
2025-06-13 12:50:12,022 INFO:No more cursor. Exiting job for tsunami perak.
2025-06-13 12:50:12,023 INFO:Starting real-time tweet streaming for tsunami negeri sembilan...
2025-06-13 12:50:12,114 INFO:No more cursor. Exiting job for tsunami pulau pinang.
2025-06-13 12:50:12,114 INFO:Starting real-time tweet streaming for tsunami sabah...
2025-06-13 12:50:12,869 INFO:No more cursor. Exiting job for tsunami kedah.
2025-06-13 12:50:12,869 INFO:Starting real-time tweet streaming for tsunami sarawak...
2025-06-13 12:50:13,845 INFO:No more cursor. Exiting job for tsunami johor.
2025-06-13 12:50:13,845 INFO:Starting real-time tweet streaming for tsunami labuan...
2025-06-13 12:50:14,221 INFO:No more cursor. Exiting job for tsunami melaka.
2025-06-13 12:50:14,221 INFO:Starting real-time tweet streaming for tsunami putrajaya...
2025-06-13 12:50:14,525 INFO:No more cursor. Exiting job for tsunami sabah.
2025-06-13 12:50:14,526 INFO:Starting real-time tweet streaming for tsunami cyberjaya...
2025-06-13 12:50:14,607 INFO:No more cursor. Exiting job for tsunami pahang.
2025-06-13 12:50:14,607 INFO:Starting real-time tweet streaming for tsunami langkawi...
2025-06-13 12:50:15,669 INFO:No more cursor. Exiting job for gempa bumi miri.
2025-06-13 12:50:15,669 INFO:Starting real-time tweet streaming for tsunami ipoh...
2025-06-13 12:50:15,676 INFO:No more cursor. Exiting job for tsunami kelantan.
2025-06-13 12:50:15,677 INFO:Starting real-time tweet streaming for tsunami alor setar...
2025-06-13 12:50:15,697 INFO:No more cursor. Exiting job for tsunami labuan.
2025-06-13 12:50:15,701 INFO:Starting real-time tweet streaming for tsunami george town...
2025-06-13 12:50:16,302 INFO:No more cursor. Exiting job for tsunami putrajaya.
2025-06-13 12:50:16,303 INFO:Starting real-time tweet streaming for tsunami kuantan...
2025-06-13 12:50:17,298 INFO:No more cursor. Exiting job for tsunami terengganu.
2025-06-13 12:50:17,299 INFO:Starting real-time tweet streaming for tsunami kuching...
2025-06-13 12:50:17,840 INFO:No more cursor. Exiting job for tsunami sarawak.
2025-06-13 12:50:17,841 INFO:Starting real-time tweet streaming for tsunami kota kinabalu...
2025-06-13 12:50:18,164 INFO:No more cursor. Exiting job for tsunami george town.
2025-06-13 12:50:18,165 INFO:Starting real-time tweet streaming for tsunami bintulu...
2025-06-13 12:50:18,610 INFO:No more cursor. Exiting job for tsunami ipoh.
2025-06-13 12:50:18,611 INFO:Starting real-time tweet streaming for tsunami sibu...
2025-06-13 12:50:19,286 INFO:No more cursor. Exiting job for tsunami negeri sembilan.
2025-06-13 12:50:19,287 INFO:Starting real-time tweet streaming for tsunami miri...
2025-06-13 12:50:19,481 INFO:No more cursor. Exiting job for tsunami langkawi.
2025-06-13 12:50:19,481 INFO:Starting real-time tweet streaming for flood malaysia...
2025-06-13 12:50:20,159 INFO:No more cursor. Exiting job for tsunami kuching.
2025-06-13 12:50:20,159 INFO:Starting real-time tweet streaming for flood kuala lumpur...
2025-06-13 12:50:20,261 INFO:No more cursor. Exiting job for tsunami kota kinabalu.
2025-06-13 12:50:20,262 INFO:Starting real-time tweet streaming for flood selangor...
2025-06-13 12:50:20,623 INFO:No more cursor. Exiting job for tsunami sibu.
2025-06-13 12:50:20,623 INFO:Starting real-time tweet streaming for flood johor...
2025-06-13 12:50:20,881 INFO:No more cursor. Exiting job for tsunami penang.
2025-06-13 12:50:20,882 INFO:Starting real-time tweet streaming for flood penang...
2025-06-13 12:50:21,112 INFO:No more cursor. Exiting job for tsunami cyberjaya.
2025-06-13 12:50:21,112 INFO:Starting real-time tweet streaming for flood pulau pinang...
2025-06-13 12:50:21,349 INFO:No more cursor. Exiting job for tsunami kuantan.
2025-06-13 12:50:21,349 INFO:Starting real-time tweet streaming for flood perak...
2025-06-13 12:50:21,381 ERROR:Error: 'result'
2025-06-13 12:50:21,381 INFO:Starting real-time tweet streaming for flood kedah...
2025-06-13 12:50:21,492 INFO:No more cursor. Exiting job for tsunami alor setar.
2025-06-13 12:50:21,492 INFO:Starting real-time tweet streaming for flood pahang...
2025-06-13 12:50:21,853 INFO:No more cursor. Exiting job for flood malaysia.
2025-06-13 12:50:21,853 INFO:Starting real-time tweet streaming for flood terengganu...
2025-06-13 12:50:22,478 INFO:No more cursor. Exiting job for tsunami bintulu.
2025-06-13 12:50:22,478 INFO:Starting real-time tweet streaming for flood kelantan...
2025-06-13 12:50:22,610 INFO:No more cursor. Exiting job for flood kuala lumpur.
2025-06-13 12:50:22,611 INFO:Starting real-time tweet streaming for flood melaka...
2025-06-13 12:50:22,617 INFO:No more cursor. Exiting job for flood selangor.
2025-06-13 12:50:22,617 INFO:Starting real-time tweet streaming for flood negeri sembilan...
2025-06-13 12:50:22,797 INFO:No more cursor. Exiting job for flood johor.
2025-06-13 12:50:22,797 INFO:Starting real-time tweet streaming for flood sabah...
2025-06-13 12:50:23,631 INFO:No more cursor. Exiting job for flood kedah.
2025-06-13 12:50:23,631 INFO:Starting real-time tweet streaming for flood sarawak...
2025-06-13 12:50:23,751 INFO:No more cursor. Exiting job for flood pahang.
2025-06-13 12:50:23,752 INFO:Starting real-time tweet streaming for flood labuan...
2025-06-13 12:50:24,163 INFO:No more cursor. Exiting job for flood penang.
2025-06-13 12:50:24,163 INFO:Starting real-time tweet streaming for flood putrajaya...
2025-06-13 12:50:24,284 INFO:No more cursor. Exiting job for flood terengganu.
2025-06-13 12:50:24,284 INFO:Starting real-time tweet streaming for flood cyberjaya...
2025-06-13 12:50:24,646 INFO:No more cursor. Exiting job for flood negeri sembilan.
2025-06-13 12:50:24,647 INFO:Starting real-time tweet streaming for flood langkawi...
2025-06-13 12:50:24,845 INFO:No more cursor. Exiting job for flood melaka.
2025-06-13 12:50:24,845 INFO:Starting real-time tweet streaming for flood ipoh...
2025-06-13 12:50:24,880 INFO:No more cursor. Exiting job for flood kelantan.
2025-06-13 12:50:24,880 INFO:Starting real-time tweet streaming for flood alor setar...
2025-06-13 12:50:25,067 INFO:No more cursor. Exiting job for flood pulau pinang.
2025-06-13 12:50:25,068 INFO:Starting real-time tweet streaming for flood george town...
2025-06-13 12:50:25,175 INFO:No more cursor. Exiting job for flood perak.
2025-06-13 12:50:25,175 INFO:Starting real-time tweet streaming for flood kuantan...
2025-06-13 12:50:25,245 INFO:No more cursor. Exiting job for flood sabah.
2025-06-13 12:50:25,246 INFO:Starting real-time tweet streaming for flood kuching...
2025-06-13 12:50:26,240 INFO:No more cursor. Exiting job for flood sarawak.
2025-06-13 12:50:26,240 INFO:Starting real-time tweet streaming for flood kota kinabalu...
2025-06-13 12:50:26,344 INFO:No more cursor. Exiting job for flood labuan.
2025-06-13 12:50:26,344 INFO:Starting real-time tweet streaming for flood bintulu...
2025-06-13 12:50:26,901 INFO:No more cursor. Exiting job for flood langkawi.
2025-06-13 12:50:26,902 INFO:Starting real-time tweet streaming for flood sibu...
2025-06-13 12:50:26,959 INFO:No more cursor. Exiting job for flood kuantan.
2025-06-13 12:50:26,960 INFO:Starting real-time tweet streaming for flood miri...
2025-06-13 12:50:27,098 INFO:No more cursor. Exiting job for flood ipoh.
2025-06-13 12:50:27,098 INFO:Starting real-time tweet streaming for landslide malaysia...
2025-06-13 12:50:27,206 INFO:No more cursor. Exiting job for flood alor setar.
2025-06-13 12:50:27,206 INFO:Starting real-time tweet streaming for landslide kuala lumpur...
2025-06-13 12:50:27,240 INFO:No more cursor. Exiting job for flood putrajaya.
2025-06-13 12:50:27,241 INFO:Starting real-time tweet streaming for landslide selangor...
2025-06-13 12:50:27,246 INFO:No more cursor. Exiting job for flood cyberjaya.
2025-06-13 12:50:27,246 INFO:Starting real-time tweet streaming for landslide johor...
2025-06-13 12:50:27,426 INFO:No more cursor. Exiting job for flood george town.
2025-06-13 12:50:27,426 INFO:Starting real-time tweet streaming for landslide penang...
2025-06-13 12:50:27,947 INFO:No more cursor. Exiting job for flood kuching.
2025-06-13 12:50:27,948 INFO:Starting real-time tweet streaming for landslide pulau pinang...
2025-06-13 12:50:28,492 INFO:No more cursor. Exiting job for flood kota kinabalu.
2025-06-13 12:50:28,493 INFO:Starting real-time tweet streaming for landslide perak...
2025-06-13 12:50:28,826 INFO:No more cursor. Exiting job for flood bintulu.
2025-06-13 12:50:28,827 INFO:Starting real-time tweet streaming for landslide kedah...
2025-06-13 12:50:29,351 INFO:No more cursor. Exiting job for flood miri.
2025-06-13 12:50:29,351 INFO:Starting real-time tweet streaming for landslide pahang...
2025-06-13 12:50:29,373 INFO:No more cursor. Exiting job for flood sibu.
2025-06-13 12:50:29,373 INFO:Starting real-time tweet streaming for landslide terengganu...
2025-06-13 12:50:29,426 INFO:No more cursor. Exiting job for landslide malaysia.
2025-06-13 12:50:29,427 INFO:Starting real-time tweet streaming for landslide kelantan...
2025-06-13 12:50:29,508 INFO:No more cursor. Exiting job for landslide selangor.
2025-06-13 12:50:29,508 INFO:Starting real-time tweet streaming for landslide melaka...
2025-06-13 12:50:29,636 INFO:No more cursor. Exiting job for landslide kuala lumpur.
2025-06-13 12:50:29,637 INFO:Starting real-time tweet streaming for landslide negeri sembilan...
2025-06-13 12:50:29,648 INFO:No more cursor. Exiting job for landslide johor.
2025-06-13 12:50:29,648 INFO:Starting real-time tweet streaming for landslide sabah...
2025-06-13 12:50:29,829 INFO:No more cursor. Exiting job for landslide penang.
2025-06-13 12:50:29,829 INFO:Starting real-time tweet streaming for landslide sarawak...
2025-06-13 12:50:31,088 INFO:No more cursor. Exiting job for landslide perak.
2025-06-13 12:50:31,089 INFO:Starting real-time tweet streaming for landslide labuan...
2025-06-13 12:50:31,312 INFO:No more cursor. Exiting job for landslide kedah.
2025-06-13 12:50:31,313 INFO:Starting real-time tweet streaming for landslide putrajaya...
2025-06-13 12:50:31,671 INFO:No more cursor. Exiting job for landslide pulau pinang.
2025-06-13 12:50:31,678 INFO:Starting real-time tweet streaming for landslide cyberjaya...
2025-06-13 12:50:32,113 INFO:No more cursor. Exiting job for landslide pahang.
2025-06-13 12:50:32,113 INFO:Starting real-time tweet streaming for landslide langkawi...
2025-06-13 12:50:32,140 INFO:No more cursor. Exiting job for landslide melaka.
2025-06-13 12:50:32,141 INFO:Starting real-time tweet streaming for landslide ipoh...
2025-06-13 12:50:32,226 INFO:No more cursor. Exiting job for landslide kelantan.
2025-06-13 12:50:32,226 INFO:Starting real-time tweet streaming for landslide alor setar...
2025-06-13 12:50:32,306 INFO:No more cursor. Exiting job for landslide terengganu.
2025-06-13 12:50:32,306 INFO:Starting real-time tweet streaming for landslide george town...
2025-06-13 12:50:32,307 INFO:No more cursor. Exiting job for landslide sabah.
2025-06-13 12:50:32,308 INFO:Starting real-time tweet streaming for landslide kuantan...
2025-06-13 12:50:32,865 INFO:No more cursor. Exiting job for landslide sarawak.
2025-06-13 12:50:32,865 INFO:Starting real-time tweet streaming for landslide kuching...
2025-06-13 12:50:33,105 INFO:No more cursor. Exiting job for landslide labuan.
2025-06-13 12:50:33,105 INFO:Starting real-time tweet streaming for landslide kota kinabalu...
2025-06-13 12:50:33,522 INFO:No more cursor. Exiting job for landslide alor setar.
2025-06-13 12:50:33,523 INFO:Starting real-time tweet streaming for landslide bintulu...
2025-06-13 12:50:33,789 INFO:No more cursor. Exiting job for landslide negeri sembilan.
2025-06-13 12:50:33,789 INFO:Starting real-time tweet streaming for landslide sibu...
2025-06-13 12:50:34,078 INFO:No more cursor. Exiting job for landslide ipoh.
2025-06-13 12:50:34,079 INFO:Starting real-time tweet streaming for landslide miri...
2025-06-13 12:50:34,492 INFO:No more cursor. Exiting job for landslide george town.
2025-06-13 12:50:34,493 INFO:Starting real-time tweet streaming for storm malaysia...
2025-06-13 12:50:34,571 INFO:No more cursor. Exiting job for landslide cyberjaya.
2025-06-13 12:50:34,571 INFO:Starting real-time tweet streaming for storm kuala lumpur...
2025-06-13 12:50:35,005 INFO:No more cursor. Exiting job for landslide kuching.
2025-06-13 12:50:35,005 INFO:Starting real-time tweet streaming for storm selangor...
2025-06-13 12:50:35,074 INFO:No more cursor. Exiting job for landslide langkawi.
2025-06-13 12:50:35,074 INFO:Starting real-time tweet streaming for storm johor...
2025-06-13 12:50:35,188 INFO:No more cursor. Exiting job for landslide kota kinabalu.
2025-06-13 12:50:35,188 INFO:Starting real-time tweet streaming for storm penang...
2025-06-13 12:50:35,817 INFO:No more cursor. Exiting job for landslide bintulu.
2025-06-13 12:50:35,817 INFO:Starting real-time tweet streaming for storm pulau pinang...
2025-06-13 12:50:36,074 INFO:No more cursor. Exiting job for landslide putrajaya.
2025-06-13 12:50:36,074 INFO:Starting real-time tweet streaming for storm perak...
2025-06-13 12:50:36,224 INFO:No more cursor. Exiting job for landslide sibu.
2025-06-13 12:50:36,224 INFO:Starting real-time tweet streaming for storm kedah...
2025-06-13 12:50:36,673 INFO:No more cursor. Exiting job for landslide miri.
2025-06-13 12:50:36,673 INFO:Starting real-time tweet streaming for storm pahang...
2025-06-13 12:50:37,361 INFO:No more cursor. Exiting job for storm selangor.
2025-06-13 12:50:37,361 INFO:Starting real-time tweet streaming for storm terengganu...
2025-06-13 12:50:37,415 INFO:No more cursor. Exiting job for storm malaysia.
2025-06-13 12:50:37,416 INFO:Starting real-time tweet streaming for storm kelantan...
2025-06-13 12:50:37,442 INFO:No more cursor. Exiting job for landslide kuantan.
2025-06-13 12:50:37,442 INFO:Starting real-time tweet streaming for storm melaka...
2025-06-13 12:50:37,455 INFO:No more cursor. Exiting job for storm kuala lumpur.
2025-06-13 12:50:37,455 INFO:Starting real-time tweet streaming for storm negeri sembilan...
2025-06-13 12:50:37,616 INFO:No more cursor. Exiting job for storm penang.
2025-06-13 12:50:37,617 INFO:Starting real-time tweet streaming for storm sabah...
2025-06-13 12:50:37,679 INFO:No more cursor. Exiting job for storm johor.
2025-06-13 12:50:37,679 INFO:Starting real-time tweet streaming for storm sarawak...
2025-06-13 12:50:38,561 INFO:No more cursor. Exiting job for storm perak.
2025-06-13 12:50:38,561 INFO:Starting real-time tweet streaming for storm labuan...
2025-06-13 12:50:38,743 INFO:No more cursor. Exiting job for storm kedah.
2025-06-13 12:50:38,743 INFO:Starting real-time tweet streaming for storm putrajaya...
2025-06-13 12:50:39,260 INFO:No more cursor. Exiting job for storm pahang.
2025-06-13 12:50:39,261 INFO:Starting real-time tweet streaming for storm cyberjaya...
2025-06-13 12:50:39,955 INFO:No more cursor. Exiting job for storm sabah.
2025-06-13 12:50:39,956 INFO:Starting real-time tweet streaming for storm langkawi...
2025-06-13 12:50:40,006 INFO:No more cursor. Exiting job for storm melaka.
2025-06-13 12:50:40,006 INFO:Starting real-time tweet streaming for storm ipoh...
2025-06-13 12:50:40,114 INFO:No more cursor. Exiting job for storm terengganu.
2025-06-13 12:50:40,115 INFO:Starting real-time tweet streaming for storm alor setar...
2025-06-13 12:50:40,160 INFO:No more cursor. Exiting job for storm negeri sembilan.
2025-06-13 12:50:40,161 INFO:Starting real-time tweet streaming for storm george town...
2025-06-13 12:50:40,395 INFO:No more cursor. Exiting job for storm sarawak.
2025-06-13 12:50:40,395 INFO:Starting real-time tweet streaming for storm kuantan...
2025-06-13 12:50:40,609 INFO:No more cursor. Exiting job for storm kelantan.
2025-06-13 12:50:40,610 INFO:Starting real-time tweet streaming for storm kuching...
2025-06-13 12:50:40,616 INFO:No more cursor. Exiting job for storm labuan.
2025-06-13 12:50:40,616 INFO:Starting real-time tweet streaming for storm kota kinabalu...
2025-06-13 12:50:41,323 INFO:No more cursor. Exiting job for storm putrajaya.
2025-06-13 12:50:41,323 INFO:Starting real-time tweet streaming for storm bintulu...
2025-06-13 12:50:41,803 INFO:No more cursor. Exiting job for storm cyberjaya.
2025-06-13 12:50:41,803 INFO:Starting real-time tweet streaming for storm sibu...
2025-06-13 12:50:41,921 INFO:No more cursor. Exiting job for storm pulau pinang.
2025-06-13 12:50:41,921 INFO:Starting real-time tweet streaming for storm miri...
2025-06-13 12:50:42,351 INFO:No more cursor. Exiting job for storm ipoh.
2025-06-13 12:50:42,352 INFO:Starting real-time tweet streaming for haze malaysia...
2025-06-13 12:50:42,427 INFO:No more cursor. Exiting job for storm alor setar.
2025-06-13 12:50:42,427 INFO:Starting real-time tweet streaming for haze kuala lumpur...
2025-06-13 12:50:42,483 INFO:No more cursor. Exiting job for storm langkawi.
2025-06-13 12:50:42,483 INFO:Starting real-time tweet streaming for haze selangor...
2025-06-13 12:50:42,725 INFO:No more cursor. Exiting job for storm kuantan.
2025-06-13 12:50:42,726 INFO:Starting real-time tweet streaming for haze johor...
2025-06-13 12:50:43,112 INFO:No more cursor. Exiting job for storm george town.
2025-06-13 12:50:43,113 INFO:Starting real-time tweet streaming for haze penang...
2025-06-13 12:50:43,214 INFO:No more cursor. Exiting job for storm kuching.
2025-06-13 12:50:43,214 INFO:Starting real-time tweet streaming for haze pulau pinang...
2025-06-13 12:50:43,725 INFO:No more cursor. Exiting job for storm bintulu.
2025-06-13 12:50:43,726 INFO:Starting real-time tweet streaming for haze perak...
2025-06-13 12:50:43,941 INFO:No more cursor. Exiting job for storm kota kinabalu.
2025-06-13 12:50:43,942 INFO:Starting real-time tweet streaming for haze kedah...
2025-06-13 12:50:44,010 INFO:No more cursor. Exiting job for storm miri.
2025-06-13 12:50:44,011 INFO:Starting real-time tweet streaming for haze pahang...
2025-06-13 12:50:44,155 INFO:No more cursor. Exiting job for storm sibu.
2025-06-13 12:50:44,156 INFO:Starting real-time tweet streaming for haze terengganu...
2025-06-13 12:50:44,392 INFO:No more cursor. Exiting job for haze malaysia.
2025-06-13 12:50:44,392 INFO:Starting real-time tweet streaming for haze kelantan...
2025-06-13 12:50:44,559 INFO:No more cursor. Exiting job for haze selangor.
2025-06-13 12:50:44,559 INFO:Starting real-time tweet streaming for haze melaka...
2025-06-13 12:50:44,625 INFO:No more cursor. Exiting job for haze johor.
2025-06-13 12:50:44,625 INFO:Starting real-time tweet streaming for haze negeri sembilan...
2025-06-13 12:50:44,909 INFO:No more cursor. Exiting job for haze kuala lumpur.
2025-06-13 12:50:44,909 INFO:Starting real-time tweet streaming for haze sabah...
2025-06-13 12:50:45,535 INFO:No more cursor. Exiting job for haze pulau pinang.
2025-06-13 12:50:45,535 INFO:Starting real-time tweet streaming for haze sarawak...
2025-06-13 12:50:45,707 INFO:No more cursor. Exiting job for haze perak.
2025-06-13 12:50:45,708 INFO:Starting real-time tweet streaming for haze labuan...
2025-06-13 12:50:46,361 INFO:No more cursor. Exiting job for haze melaka.
2025-06-13 12:50:46,362 INFO:Starting real-time tweet streaming for haze putrajaya...
2025-06-13 12:50:46,372 INFO:No more cursor. Exiting job for haze terengganu.
2025-06-13 12:50:46,372 INFO:Starting real-time tweet streaming for haze cyberjaya...
2025-06-13 12:50:46,462 INFO:No more cursor. Exiting job for haze kelantan.
2025-06-13 12:50:46,462 INFO:Starting real-time tweet streaming for haze langkawi...
2025-06-13 12:50:46,713 INFO:No more cursor. Exiting job for haze negeri sembilan.
2025-06-13 12:50:46,714 INFO:Starting real-time tweet streaming for haze ipoh...
2025-06-13 12:50:46,967 INFO:No more cursor. Exiting job for haze sabah.
2025-06-13 12:50:46,968 INFO:Starting real-time tweet streaming for haze alor setar...
2025-06-13 12:50:47,044 INFO:No more cursor. Exiting job for haze penang.
2025-06-13 12:50:47,045 INFO:Starting real-time tweet streaming for haze george town...
2025-06-13 12:50:47,095 INFO:No more cursor. Exiting job for haze pahang.
2025-06-13 12:50:47,095 INFO:Starting real-time tweet streaming for haze kuantan...
2025-06-13 12:50:47,972 INFO:No more cursor. Exiting job for haze sarawak.
2025-06-13 12:50:47,972 INFO:Starting real-time tweet streaming for haze kuching...
2025-06-13 12:50:48,293 INFO:No more cursor. Exiting job for haze putrajaya.
2025-06-13 12:50:48,293 INFO:Starting real-time tweet streaming for haze kota kinabalu...
2025-06-13 12:50:48,589 INFO:No more cursor. Exiting job for haze kedah.
2025-06-13 12:50:48,590 INFO:Starting real-time tweet streaming for haze bintulu...
2025-06-13 12:50:49,101 INFO:No more cursor. Exiting job for haze langkawi.
2025-06-13 12:50:49,102 INFO:Starting real-time tweet streaming for haze sibu...
2025-06-13 12:50:49,135 INFO:No more cursor. Exiting job for haze labuan.
2025-06-13 12:50:49,135 INFO:Starting real-time tweet streaming for haze miri...
2025-06-13 12:50:49,394 INFO:No more cursor. Exiting job for haze ipoh.
2025-06-13 12:50:49,395 INFO:Starting real-time tweet streaming for forest fire malaysia...
2025-06-13 12:50:50,115 INFO:No more cursor. Exiting job for haze kuching.
2025-06-13 12:50:50,115 INFO:Starting real-time tweet streaming for forest fire kuala lumpur...
2025-06-13 12:50:50,202 INFO:No more cursor. Exiting job for haze george town.
2025-06-13 12:50:50,202 INFO:Starting real-time tweet streaming for forest fire selangor...
2025-06-13 12:50:50,352 INFO:No more cursor. Exiting job for haze kuantan.
2025-06-13 12:50:50,353 INFO:Starting real-time tweet streaming for forest fire johor...
2025-06-13 12:50:50,901 INFO:No more cursor. Exiting job for haze bintulu.
2025-06-13 12:50:50,901 INFO:Starting real-time tweet streaming for forest fire penang...
2025-06-13 12:50:50,965 INFO:No more cursor. Exiting job for haze cyberjaya.
2025-06-13 12:50:50,966 INFO:Starting real-time tweet streaming for forest fire pulau pinang...
2025-06-13 12:50:50,994 INFO:No more cursor. Exiting job for haze kota kinabalu.
2025-06-13 12:50:50,995 INFO:Starting real-time tweet streaming for forest fire perak...
2025-06-13 12:50:51,023 INFO:No more cursor. Exiting job for haze alor setar.
2025-06-13 12:50:51,023 INFO:Starting real-time tweet streaming for forest fire kedah...
2025-06-13 12:50:51,175 INFO:No more cursor. Exiting job for haze sibu.
2025-06-13 12:50:51,176 INFO:Starting real-time tweet streaming for forest fire pahang...
2025-06-13 12:50:51,952 INFO:No more cursor. Exiting job for forest fire pulau pinang.
2025-06-13 12:50:51,953 INFO:Starting real-time tweet streaming for forest fire terengganu...
2025-06-13 12:50:52,013 INFO:No more cursor. Exiting job for forest fire malaysia.
2025-06-13 12:50:52,013 INFO:Starting real-time tweet streaming for forest fire kelantan...
2025-06-13 12:50:52,107 INFO:No more cursor. Exiting job for haze miri.
2025-06-13 12:50:52,107 INFO:Starting real-time tweet streaming for forest fire melaka...
2025-06-13 12:50:52,417 INFO:No more cursor. Exiting job for forest fire johor.
2025-06-13 12:50:52,417 INFO:Starting real-time tweet streaming for forest fire negeri sembilan...
2025-06-13 12:50:52,418 INFO:No more cursor. Exiting job for forest fire kuala lumpur.
2025-06-13 12:50:52,419 INFO:Starting real-time tweet streaming for forest fire sabah...
2025-06-13 12:50:52,716 INFO:No more cursor. Exiting job for forest fire selangor.
2025-06-13 12:50:52,716 INFO:Starting real-time tweet streaming for forest fire sarawak...
2025-06-13 12:50:53,031 INFO:No more cursor. Exiting job for forest fire penang.
2025-06-13 12:50:53,031 INFO:Starting real-time tweet streaming for forest fire labuan...
2025-06-13 12:50:53,117 INFO:No more cursor. Exiting job for forest fire perak.
2025-06-13 12:50:53,117 INFO:Starting real-time tweet streaming for forest fire putrajaya...
2025-06-13 12:50:53,311 INFO:No more cursor. Exiting job for forest fire kedah.
2025-06-13 12:50:53,312 INFO:Starting real-time tweet streaming for forest fire cyberjaya...
2025-06-13 12:50:53,365 INFO:No more cursor. Exiting job for forest fire pahang.
2025-06-13 12:50:53,366 INFO:Starting real-time tweet streaming for forest fire langkawi...
2025-06-13 12:50:53,441 INFO:No more cursor. Exiting job for forest fire kelantan.
2025-06-13 12:50:53,441 INFO:Starting real-time tweet streaming for forest fire ipoh...
2025-06-13 12:50:53,501 INFO:No more cursor. Exiting job for forest fire negeri sembilan.
2025-06-13 12:50:53,501 INFO:Starting real-time tweet streaming for forest fire alor setar...
2025-06-13 12:50:53,542 INFO:No more cursor. Exiting job for forest fire melaka.
2025-06-13 12:50:53,543 INFO:Starting real-time tweet streaming for forest fire george town...
2025-06-13 12:50:53,809 INFO:No more cursor. Exiting job for forest fire terengganu.
2025-06-13 12:50:53,809 INFO:Starting real-time tweet streaming for forest fire kuantan...
2025-06-13 12:50:54,395 INFO:No more cursor. Exiting job for forest fire alor setar.
2025-06-13 12:50:54,396 INFO:Starting real-time tweet streaming for forest fire kuching...
2025-06-13 12:50:54,413 INFO:No more cursor. Exiting job for forest fire labuan.
2025-06-13 12:50:54,413 INFO:Starting real-time tweet streaming for forest fire kota kinabalu...
2025-06-13 12:50:54,626 INFO:No more cursor. Exiting job for forest fire cyberjaya.
2025-06-13 12:50:54,626 INFO:Starting real-time tweet streaming for forest fire bintulu...
2025-06-13 12:50:54,701 INFO:No more cursor. Exiting job for forest fire putrajaya.
2025-06-13 12:50:54,701 INFO:Starting real-time tweet streaming for forest fire sibu...
2025-06-13 12:50:54,924 INFO:No more cursor. Exiting job for forest fire ipoh.
2025-06-13 12:50:54,924 INFO:Starting real-time tweet streaming for forest fire miri...
2025-06-13 12:50:54,928 INFO:No more cursor. Exiting job for forest fire sabah.
2025-06-13 12:50:54,928 INFO:Starting real-time tweet streaming for sinkhole malaysia...
2025-06-13 12:50:55,220 INFO:No more cursor. Exiting job for forest fire langkawi.
2025-06-13 12:50:55,220 INFO:Starting real-time tweet streaming for sinkhole kuala lumpur...
2025-06-13 12:50:55,220 INFO:No more cursor. Exiting job for forest fire sarawak.
2025-06-13 12:50:55,221 INFO:Starting real-time tweet streaming for sinkhole selangor...
2025-06-13 12:50:55,614 INFO:No more cursor. Exiting job for forest fire bintulu.
2025-06-13 12:50:55,614 INFO:Starting real-time tweet streaming for sinkhole johor...
2025-06-13 12:50:55,657 INFO:No more cursor. Exiting job for forest fire kuantan.
2025-06-13 12:50:55,658 INFO:Starting real-time tweet streaming for sinkhole penang...
2025-06-13 12:50:55,788 INFO:No more cursor. Exiting job for forest fire kuching.
2025-06-13 12:50:55,788 INFO:Starting real-time tweet streaming for sinkhole pulau pinang...
2025-06-13 12:50:55,944 INFO:No more cursor. Exiting job for forest fire george town.
2025-06-13 12:50:55,944 INFO:Starting real-time tweet streaming for sinkhole perak...
2025-06-13 12:50:56,160 INFO:No more cursor. Exiting job for forest fire sibu.
2025-06-13 12:50:56,160 INFO:Starting real-time tweet streaming for sinkhole kedah...
2025-06-13 12:50:57,114 INFO:No more cursor. Exiting job for forest fire miri.
2025-06-13 12:50:57,115 INFO:Starting real-time tweet streaming for sinkhole pahang...
2025-06-13 12:50:57,194 INFO:No more cursor. Exiting job for sinkhole malaysia.
2025-06-13 12:50:57,194 INFO:Starting real-time tweet streaming for sinkhole terengganu...
2025-06-13 12:50:57,521 INFO:No more cursor. Exiting job for forest fire kota kinabalu.
2025-06-13 12:50:57,521 INFO:Starting real-time tweet streaming for sinkhole kelantan...
2025-06-13 12:50:57,728 INFO:No more cursor. Exiting job for sinkhole pulau pinang.
2025-06-13 12:50:57,729 INFO:Starting real-time tweet streaming for sinkhole melaka...
2025-06-13 12:50:57,732 INFO:No more cursor. Exiting job for sinkhole kuala lumpur.
2025-06-13 12:50:57,732 INFO:Starting real-time tweet streaming for sinkhole negeri sembilan...
2025-06-13 12:50:57,799 INFO:No more cursor. Exiting job for sinkhole penang.
2025-06-13 12:50:57,800 INFO:Starting real-time tweet streaming for sinkhole sabah...
2025-06-13 12:50:58,698 INFO:No more cursor. Exiting job for sinkhole terengganu.
2025-06-13 12:50:58,699 INFO:Starting real-time tweet streaming for sinkhole sarawak...
2025-06-13 12:50:59,012 INFO:No more cursor. Exiting job for sinkhole johor.
2025-06-13 12:50:59,013 INFO:Starting real-time tweet streaming for sinkhole labuan...
2025-06-13 12:50:59,014 INFO:No more cursor. Exiting job for sinkhole selangor.
2025-06-13 12:50:59,014 INFO:Starting real-time tweet streaming for sinkhole putrajaya...
2025-06-13 12:50:59,844 INFO:No more cursor. Exiting job for sinkhole labuan.
2025-06-13 12:50:59,845 INFO:Starting real-time tweet streaming for sinkhole cyberjaya...
2025-06-13 12:51:00,183 INFO:No more cursor. Exiting job for sinkhole negeri sembilan.
2025-06-13 12:51:00,184 INFO:Starting real-time tweet streaming for sinkhole langkawi...
2025-06-13 12:51:00,643 INFO:No more cursor. Exiting job for sinkhole kelantan.
2025-06-13 12:51:00,644 INFO:Starting real-time tweet streaming for sinkhole ipoh...
2025-06-13 12:51:00,659 INFO:No more cursor. Exiting job for sinkhole cyberjaya.
2025-06-13 12:51:00,659 INFO:Starting real-time tweet streaming for sinkhole alor setar...
2025-06-13 12:51:01,118 INFO:No more cursor. Exiting job for sinkhole langkawi.
2025-06-13 12:51:01,118 INFO:Starting real-time tweet streaming for sinkhole george town...
2025-06-13 12:51:01,193 INFO:No more cursor. Exiting job for sinkhole sarawak.
2025-06-13 12:51:01,193 INFO:Starting real-time tweet streaming for sinkhole kuantan...
2025-06-13 12:51:01,597 INFO:No more cursor. Exiting job for sinkhole sabah.
2025-06-13 12:51:01,598 INFO:Starting real-time tweet streaming for sinkhole kuching...
2025-06-13 12:51:02,815 INFO:No more cursor. Exiting job for sinkhole alor setar.
2025-06-13 12:51:02,816 INFO:Starting real-time tweet streaming for sinkhole kota kinabalu...
2025-06-13 12:51:02,894 INFO:No more cursor. Exiting job for sinkhole pahang.
2025-06-13 12:51:02,895 INFO:Starting real-time tweet streaming for sinkhole bintulu...
2025-06-13 12:51:02,912 INFO:No more cursor. Exiting job for sinkhole perak.
2025-06-13 12:51:02,913 INFO:Starting real-time tweet streaming for sinkhole sibu...
2025-06-13 12:51:03,321 INFO:No more cursor. Exiting job for sinkhole george town.
2025-06-13 12:51:03,322 INFO:Starting real-time tweet streaming for sinkhole miri...
2025-06-13 12:51:03,399 INFO:No more cursor. Exiting job for sinkhole kuching.
2025-06-13 12:51:03,400 INFO:Starting real-time tweet streaming for earthquake malaysia...
2025-06-13 12:51:03,765 INFO:No more cursor. Exiting job for sinkhole bintulu.
2025-06-13 12:51:03,765 INFO:Starting real-time tweet streaming for earthquake kuala lumpur...
2025-06-13 12:51:03,816 INFO:No more cursor. Exiting job for sinkhole kedah.
2025-06-13 12:51:03,816 INFO:Starting real-time tweet streaming for earthquake selangor...
2025-06-13 12:51:04,304 INFO:No more cursor. Exiting job for sinkhole sibu.
2025-06-13 12:51:04,304 INFO:Starting real-time tweet streaming for earthquake johor...
2025-06-13 12:51:05,188 INFO:No more cursor. Exiting job for sinkhole miri.
2025-06-13 12:51:05,189 INFO:Starting real-time tweet streaming for earthquake penang...
2025-06-13 12:51:05,467 INFO:No more cursor. Exiting job for sinkhole ipoh.
2025-06-13 12:51:05,468 INFO:Starting real-time tweet streaming for earthquake pulau pinang...
2025-06-13 12:51:06,096 INFO:No more cursor. Exiting job for earthquake selangor.
2025-06-13 12:51:06,097 INFO:Starting real-time tweet streaming for earthquake perak...
2025-06-13 12:51:06,225 INFO:No more cursor. Exiting job for sinkhole kota kinabalu.
2025-06-13 12:51:06,225 INFO:Starting real-time tweet streaming for earthquake kedah...
2025-06-13 12:51:06,575 INFO:No more cursor. Exiting job for sinkhole putrajaya.
2025-06-13 12:51:06,576 INFO:Starting real-time tweet streaming for earthquake pahang...
2025-06-13 12:51:06,982 INFO:No more cursor. Exiting job for earthquake malaysia.
2025-06-13 12:51:06,983 INFO:Starting real-time tweet streaming for earthquake terengganu...
2025-06-13 12:51:07,530 INFO:No more cursor. Exiting job for earthquake penang.
2025-06-13 12:51:07,532 INFO:Starting real-time tweet streaming for earthquake kelantan...
2025-06-13 12:51:07,783 INFO:No more cursor. Exiting job for sinkhole melaka.
2025-06-13 12:51:07,785 INFO:Starting real-time tweet streaming for earthquake melaka...
2025-06-13 12:51:07,806 INFO:No more cursor. Exiting job for sinkhole kuantan.
2025-06-13 12:51:07,807 INFO:Starting real-time tweet streaming for earthquake negeri sembilan...
2025-06-13 12:51:08,124 INFO:No more cursor. Exiting job for earthquake kuala lumpur.
2025-06-13 12:51:08,125 INFO:Starting real-time tweet streaming for earthquake sabah...
2025-06-13 12:51:08,265 INFO:No more cursor. Exiting job for earthquake perak.
2025-06-13 12:51:08,265 INFO:Starting real-time tweet streaming for earthquake sarawak...
2025-06-13 12:51:08,412 INFO:No more cursor. Exiting job for earthquake kedah.
2025-06-13 12:51:08,413 INFO:Starting real-time tweet streaming for earthquake labuan...
2025-06-13 12:51:08,497 INFO:No more cursor. Exiting job for earthquake johor.
2025-06-13 12:51:08,498 INFO:Starting real-time tweet streaming for earthquake putrajaya...
2025-06-13 12:51:10,143 INFO:No more cursor. Exiting job for earthquake kelantan.
2025-06-13 12:51:10,143 INFO:Starting real-time tweet streaming for earthquake cyberjaya...
2025-06-13 12:51:10,339 INFO:No more cursor. Exiting job for earthquake labuan.
2025-06-13 12:51:10,339 INFO:Starting real-time tweet streaming for earthquake langkawi...
2025-06-13 12:51:10,359 INFO:No more cursor. Exiting job for earthquake pahang.
2025-06-13 12:51:10,360 INFO:Starting real-time tweet streaming for earthquake ipoh...
2025-06-13 12:51:10,367 INFO:No more cursor. Exiting job for earthquake pulau pinang.
2025-06-13 12:51:10,368 INFO:Starting real-time tweet streaming for earthquake alor setar...
2025-06-13 12:51:10,388 INFO:No more cursor. Exiting job for earthquake sabah.
2025-06-13 12:51:10,389 INFO:Starting real-time tweet streaming for earthquake george town...
2025-06-13 12:51:11,408 INFO:No more cursor. Exiting job for earthquake sarawak.
2025-06-13 12:51:11,409 INFO:Starting real-time tweet streaming for earthquake kuantan...
2025-06-13 12:51:11,486 INFO:No more cursor. Exiting job for earthquake negeri sembilan.
2025-06-13 12:51:11,487 INFO:Starting real-time tweet streaming for earthquake kuching...
2025-06-13 12:51:11,656 INFO:No more cursor. Exiting job for earthquake melaka.
2025-06-13 12:51:11,656 INFO:Starting real-time tweet streaming for earthquake kota kinabalu...
2025-06-13 12:51:11,917 INFO:No more cursor. Exiting job for earthquake terengganu.
2025-06-13 12:51:11,917 INFO:Starting real-time tweet streaming for earthquake bintulu...
2025-06-13 12:51:12,404 INFO:No more cursor. Exiting job for earthquake ipoh.
2025-06-13 12:51:12,405 INFO:Starting real-time tweet streaming for earthquake sibu...
2025-06-13 12:51:12,572 INFO:No more cursor. Exiting job for earthquake george town.
2025-06-13 12:51:12,573 INFO:Starting real-time tweet streaming for earthquake miri...
2025-06-13 12:51:12,725 INFO:No more cursor. Exiting job for earthquake putrajaya.
2025-06-13 12:51:12,978 INFO:No more cursor. Exiting job for earthquake bintulu.
2025-06-13 12:51:13,286 INFO:No more cursor. Exiting job for earthquake alor setar.
2025-06-13 12:51:13,724 INFO:No more cursor. Exiting job for earthquake langkawi.
2025-06-13 12:51:13,791 INFO:No more cursor. Exiting job for earthquake kuching.
2025-06-13 12:51:14,352 INFO:No more cursor. Exiting job for earthquake sibu.
2025-06-13 12:51:14,600 INFO:No more cursor. Exiting job for earthquake miri.
2025-06-13 12:51:14,921 INFO:No more cursor. Exiting job for earthquake kuantan.
2025-06-13 12:51:15,055 INFO:No more cursor. Exiting job for earthquake cyberjaya.
2025-06-13 12:51:15,858 INFO:No more cursor. Exiting job for earthquake kota kinabalu.
2025-06-13 14:43:14,512 INFO:Starting real-time tweet streaming for banjir malaysia...
2025-06-13 14:43:14,513 INFO:Starting real-time tweet streaming for banjir kuala lumpur...
2025-06-13 14:43:14,514 INFO:Starting real-time tweet streaming for banjir selangor...
2025-06-13 14:43:14,515 INFO:Starting real-time tweet streaming for banjir johor...
2025-06-13 14:43:14,516 INFO:Starting real-time tweet streaming for banjir penang...
2025-06-13 14:43:14,517 INFO:Starting real-time tweet streaming for banjir pulau pinang...
2025-06-13 14:43:14,518 INFO:Starting real-time tweet streaming for banjir perak...
2025-06-13 14:43:14,519 INFO:Starting real-time tweet streaming for banjir kedah...
2025-06-13 14:43:14,521 INFO:Starting real-time tweet streaming for banjir pahang...
2025-06-13 14:43:14,522 INFO:Starting real-time tweet streaming for banjir terengganu...
2025-06-13 14:43:15,734 WARNING:Non-200 response: 403. Sleeping 10s.
2025-06-13 14:43:19,763 WARNING:Non-200 response: 403. Sleeping 10s.
2025-06-13 14:43:26,808 WARNING:Non-200 response: 403. Sleeping 10s.
2025-06-13 14:43:32,177 WARNING:Non-200 response: 403. Sleeping 10s.
2025-06-13 14:43:37,884 WARNING:Non-200 response: 403. Sleeping 10s.
2025-06-13 14:43:43,279 WARNING:Non-200 response: 403. Sleeping 10s.
2025-06-13 14:43:48,977 WARNING:Non-200 response: 403. Sleeping 10s.
2025-06-13 14:43:54,395 WARNING:Non-200 response: 403. Sleeping 10s.
2025-06-13 14:44:00,030 WARNING:Non-200 response: 403. Sleeping 10s.
2025-06-13 14:44:05,453 WARNING:Non-200 response: 403. Sleeping 10s.
2025-06-13 14:44:11,283 WARNING:Non-200 response: 403. Sleeping 10s.
2025-06-13 14:44:14,774 ERROR:Error: HTTPSConnectionPool(host='twitter241.p.rapidapi.com', port=443): Max retries exceeded with url: /search-v2?type=Latest&count=1000&query=banjir+malaysia (Caused by ResponseError('too many 429 error responses'))
2025-06-13 14:44:14,775 INFO:Starting real-time tweet streaming for banjir kelantan...
2025-06-13 14:44:14,782 ERROR:Error: HTTPSConnectionPool(host='twitter241.p.rapidapi.com', port=443): Max retries exceeded with url: /search-v2?type=Latest&count=1000&query=banjir+kedah (Caused by ResponseError('too many 429 error responses'))
2025-06-13 14:44:14,782 INFO:Starting real-time tweet streaming for banjir melaka...
2025-06-13 14:44:14,785 ERROR:Error: HTTPSConnectionPool(host='twitter241.p.rapidapi.com', port=443): Max retries exceeded with url: /search-v2?type=Latest&count=1000&query=banjir+johor (Caused by ResponseError('too many 429 error responses'))
2025-06-13 14:44:14,785 INFO:Starting real-time tweet streaming for banjir negeri sembilan...
2025-06-13 14:44:14,792 ERROR:Error: HTTPSConnectionPool(host='twitter241.p.rapidapi.com', port=443): Max retries exceeded with url: /search-v2?type=Latest&count=1000&query=banjir+pahang (Caused by ResponseError('too many 429 error responses'))
2025-06-13 14:44:14,792 INFO:Starting real-time tweet streaming for banjir sabah...
2025-06-13 14:44:14,796 ERROR:Error: HTTPSConnectionPool(host='twitter241.p.rapidapi.com', port=443): Max retries exceeded with url: /search-v2?type=Latest&count=1000&query=banjir+penang (Caused by ResponseError('too many 429 error responses'))
2025-06-13 14:44:14,796 INFO:Starting real-time tweet streaming for banjir sarawak...
2025-06-13 14:44:14,797 ERROR:Error: HTTPSConnectionPool(host='twitter241.p.rapidapi.com', port=443): Max retries exceeded with url: /search-v2?type=Latest&count=1000&query=banjir+perak (Caused by ResponseError('too many 429 error responses'))
2025-06-13 14:44:14,797 INFO:Starting real-time tweet streaming for banjir labuan...
2025-06-13 14:44:14,809 ERROR:Error: HTTPSConnectionPool(host='twitter241.p.rapidapi.com', port=443): Max retries exceeded with url: /search-v2?type=Latest&count=1000&query=banjir+selangor (Caused by ResponseError('too many 429 error responses'))
2025-06-13 14:44:14,809 INFO:Starting real-time tweet streaming for banjir putrajaya...
2025-06-13 14:44:15,873 WARNING:Non-200 response: 403. Sleeping 10s.
2025-06-13 14:44:19,952 WARNING:Non-200 response: 403. Sleeping 10s.
2025-06-13 14:44:26,417 WARNING:Non-200 response: 403. Sleeping 10s.
2025-06-13 14:44:30,978 WARNING:Non-200 response: 403. Sleeping 10s.
2025-06-13 14:44:35,033 WARNING:Non-200 response: 403. Sleeping 10s.
2025-06-13 14:44:41,493 WARNING:Non-200 response: 403. Sleeping 10s.
2025-06-13 14:44:44,633 WARNING:Non-200 response: 403. Sleeping 10s.
2025-06-13 14:44:50,308 WARNING:Non-200 response: 403. Sleeping 10s.
2025-06-13 14:44:54,114 WARNING:Non-200 response: 403. Sleeping 10s.
2025-06-13 14:44:59,770 WARNING:Non-200 response: 403. Sleeping 10s.
2025-06-13 14:45:04,625 WARNING:Non-200 response: 403. Sleeping 10s.
2025-06-13 14:45:09,218 WARNING:Non-200 response: 403. Sleeping 10s.
2025-06-13 14:45:13,464 WARNING:Non-200 response: 403. Sleeping 10s.
2025-06-13 14:45:14,915 ERROR:Error: HTTPSConnectionPool(host='twitter241.p.rapidapi.com', port=443): Max retries exceeded with url: /search-v2?type=Latest&count=1000&query=banjir+kelantan (Caused by ResponseError('too many 429 error responses'))
2025-06-13 14:45:14,915 INFO:Starting real-time tweet streaming for banjir cyberjaya...
2025-06-13 14:45:14,923 ERROR:Error: HTTPSConnectionPool(host='twitter241.p.rapidapi.com', port=443): Max retries exceeded with url: /search-v2?type=Latest&count=1000&query=banjir+labuan (Caused by ResponseError('too many 429 error responses'))
2025-06-13 14:45:14,923 INFO:Starting real-time tweet streaming for banjir langkawi...
2025-06-13 14:45:14,936 ERROR:Error: HTTPSConnectionPool(host='twitter241.p.rapidapi.com', port=443): Max retries exceeded with url: /search-v2?type=Latest&count=1000&query=banjir+sarawak (Caused by ResponseError('too many 429 error responses'))
2025-06-13 14:45:14,937 INFO:Starting real-time tweet streaming for banjir ipoh...
2025-06-13 14:45:14,945 ERROR:Error: HTTPSConnectionPool(host='twitter241.p.rapidapi.com', port=443): Max retries exceeded with url: /search-v2?type=Latest&count=1000&query=banjir+negeri+sembilan (Caused by ResponseError('too many 429 error responses'))
2025-06-13 14:45:14,945 INFO:Starting real-time tweet streaming for banjir alor setar...
2025-06-13 14:45:14,948 ERROR:Error: HTTPSConnectionPool(host='twitter241.p.rapidapi.com', port=443): Max retries exceeded with url: /search-v2?type=Latest&count=1000&query=banjir+putrajaya (Caused by ResponseError('too many 429 error responses'))
2025-06-13 14:45:14,948 INFO:Starting real-time tweet streaming for banjir george town...
2025-06-13 14:45:15,023 ERROR:Error: HTTPSConnectionPool(host='twitter241.p.rapidapi.com', port=443): Max retries exceeded with url: /search-v2?type=Latest&count=1000&query=banjir+sabah (Caused by ResponseError('too many 429 error responses'))
2025-06-13 14:45:15,023 INFO:Starting real-time tweet streaming for banjir kuantan...
2025-06-13 14:45:19,767 WARNING:Non-200 response: 403. Sleeping 10s.
2025-06-13 14:45:23,012 WARNING:Non-200 response: 403. Sleeping 10s.
2025-06-13 14:45:28,112 WARNING:Non-200 response: 403. Sleeping 10s.
2025-06-13 14:45:32,415 WARNING:Non-200 response: 403. Sleeping 10s.
2025-06-13 14:45:36,755 WARNING:Non-200 response: 403. Sleeping 10s.
2025-06-13 14:45:42,904 WARNING:Non-200 response: 403. Sleeping 10s.
2025-06-13 14:45:46,347 WARNING:Non-200 response: 403. Sleeping 10s.
2025-06-13 14:45:51,308 WARNING:Non-200 response: 403. Sleeping 10s.
2025-06-13 14:45:55,589 WARNING:Non-200 response: 403. Sleeping 10s.
2025-06-13 14:45:59,903 WARNING:Non-200 response: 403. Sleeping 10s.
2025-06-13 14:46:06,089 WARNING:Non-200 response: 403. Sleeping 10s.
2025-06-13 14:46:09,507 WARNING:Non-200 response: 403. Sleeping 10s.
2025-06-13 14:46:14,491 WARNING:Non-200 response: 403. Sleeping 10s.
2025-06-13 14:46:15,051 ERROR:Error: HTTPSConnectionPool(host='twitter241.p.rapidapi.com', port=443): Max retries exceeded with url: /search-v2?type=Latest&count=1000&query=banjir+ipoh (Caused by ResponseError('too many 429 error responses'))
2025-06-13 14:46:15,052 INFO:Starting real-time tweet streaming for banjir kuching...
2025-06-13 14:46:15,065 ERROR:Error: HTTPSConnectionPool(host='twitter241.p.rapidapi.com', port=443): Max retries exceeded with url: /search-v2?type=Latest&count=1000&query=banjir+alor+setar (Caused by ResponseError('too many 429 error responses'))
2025-06-13 14:46:15,066 INFO:Starting real-time tweet streaming for banjir kota kinabalu...
2025-06-13 14:46:15,067 ERROR:Error: HTTPSConnectionPool(host='twitter241.p.rapidapi.com', port=443): Max retries exceeded with url: /search-v2?type=Latest&count=1000&query=banjir+langkawi (Caused by ResponseError('too many 429 error responses'))
2025-06-13 14:46:15,068 INFO:Starting real-time tweet streaming for banjir bintulu...
2025-06-13 14:46:15,085 ERROR:Error: HTTPSConnectionPool(host='twitter241.p.rapidapi.com', port=443): Max retries exceeded with url: /search-v2?type=Latest&count=1000&query=banjir+george+town (Caused by ResponseError('too many 429 error responses'))
2025-06-13 14:46:15,085 INFO:Starting real-time tweet streaming for banjir sibu...
2025-06-13 14:46:15,180 ERROR:Error: HTTPSConnectionPool(host='twitter241.p.rapidapi.com', port=443): Max retries exceeded with url: /search-v2?type=Latest&count=1000&query=banjir+kuantan (Caused by ResponseError('too many 429 error responses'))
2025-06-13 14:46:15,180 INFO:Starting real-time tweet streaming for banjir miri...
2025-06-13 14:46:18,750 WARNING:Non-200 response: 403. Sleeping 10s.
2025-06-13 14:46:23,025 WARNING:Non-200 response: 403. Sleeping 10s.
2025-06-13 14:46:28,297 WARNING:Non-200 response: 403. Sleeping 10s.
2025-06-13 14:46:32,640 WARNING:Non-200 response: 403. Sleeping 10s.
2025-06-13 14:46:37,641 WARNING:Non-200 response: 403. Sleeping 10s.
2025-06-13 14:46:41,898 WARNING:Non-200 response: 403. Sleeping 10s.
2025-06-13 14:46:45,283 WARNING:Non-200 response: 403. Sleeping 10s.
2025-06-13 14:46:49,064 WARNING:Non-200 response: 403. Sleeping 10s.
2025-06-13 14:46:53,004 WARNING:Non-200 response: 403. Sleeping 10s.
2025-06-13 14:46:56,329 WARNING:Non-200 response: 403. Sleeping 10s.
2025-06-13 14:47:00,137 WARNING:Non-200 response: 403. Sleeping 10s.
2025-06-13 14:47:04,040 WARNING:Non-200 response: 403. Sleeping 10s.
2025-06-13 14:47:07,416 WARNING:Non-200 response: 403. Sleeping 10s.
2025-06-13 14:47:11,214 WARNING:Non-200 response: 403. Sleeping 10s.
2025-06-13 14:47:15,085 WARNING:Non-200 response: 403. Sleeping 10s.
2025-06-13 14:47:15,182 ERROR:Error: HTTPSConnectionPool(host='twitter241.p.rapidapi.com', port=443): Max retries exceeded with url: /search-v2?type=Latest&count=1000&query=banjir+kota+kinabalu (Caused by ResponseError('too many 429 error responses'))
2025-06-13 14:47:15,182 INFO:Starting real-time tweet streaming for tanah runtuh malaysia...
2025-06-13 14:47:15,185 ERROR:Error: HTTPSConnectionPool(host='twitter241.p.rapidapi.com', port=443): Max retries exceeded with url: /search-v2?type=Latest&count=1000&query=banjir+bintulu (Caused by ResponseError('too many 429 error responses'))
2025-06-13 14:47:15,186 INFO:Starting real-time tweet streaming for tanah runtuh kuala lumpur...
2025-06-13 14:47:15,228 ERROR:Error: HTTPSConnectionPool(host='twitter241.p.rapidapi.com', port=443): Max retries exceeded with url: /search-v2?type=Latest&count=1000&query=banjir+sibu (Caused by ResponseError('too many 429 error responses'))
2025-06-13 14:47:15,229 INFO:Starting real-time tweet streaming for tanah runtuh selangor...
2025-06-13 14:47:15,313 ERROR:Error: HTTPSConnectionPool(host='twitter241.p.rapidapi.com', port=443): Max retries exceeded with url: /search-v2?type=Latest&count=1000&query=banjir+miri (Caused by ResponseError('too many 429 error responses'))
2025-06-13 14:47:15,313 INFO:Starting real-time tweet streaming for tanah runtuh johor...
2025-06-13 14:47:18,729 WARNING:Non-200 response: 403. Sleeping 10s.
2025-06-13 14:47:22,336 WARNING:Non-200 response: 403. Sleeping 10s.
2025-06-13 14:47:26,158 WARNING:Non-200 response: 403. Sleeping 10s.
